app/build/outputs/mapping/debug/seeds.txt
com.shash.earphonemodeoff.view.ui.EarphoneOnOffActivity
com.shash.earphonemodeoff.view.ui.main.MainActivity
com.shash.earphonemodeoff.view.ui.welcome.WelcomeActivity
com.shash.earphonemodeoff.view.ui.test.TestActivity
com.shash.earphonemodeoff.view.ui.welcome.WelcomeActivity: WelcomeActivity()
com.shash.earphonemodeoff.view.ui.test.TestActivity: TestActivity()
com.shash.earphonemodeoff.view.ui.EarphoneOnOffActivity: EarphoneOnOffActivity()
com.shash.earphonemodeoff.view.ui.main.MainActivity: MainActivity()
...
androidx.appcompat.widget.AppCompatButton: void setCustomSelectionActionModeCallback(android.view.ActionMode$Callback)
androidx.core.widget.TextViewCompat$Api16Impl: boolean getIncludeFontPadding(android.widget.TextView)
com.google.android.material.floatingactionbutton.FloatingActionButton: void setSupportImageTintList(android.content.res.ColorStateList)
androidx.appcompat.view.menu.ListMenuItemView: android.view.LayoutInflater getInflater()
androidx.core.view.WindowInsetsCompat$BuilderImpl29: void setSystemWindowInsets(androidx.core.graphics.Insets)
com.google.ads.mediation.AbstractAdViewAdapter: android.os.Bundle getInterstitialAdapterInfo()
com.google.android.gms.internal.ads.zzcoj: void onDestroy()
androidx.core.text.TextUtilsCompat$Api17Impl: int getLayoutDirectionFromLocale(java.util.Locale)
com.google.android.material.navigation.NavigationView: android.view.Menu getMenu()
com.google.android.gms.ads.mediation.customevent.CustomEventAdapter: void onResume()
com.google.android.material.textfield.TextInputLayout: void setPasswordVisibilityToggleDrawable(android.graphics.drawable.Drawable)
com.google.android.material.chip.Chip: void setShapeAppearanceModel(com.google.android.material.shape.ShapeAppearanceModel)
androidx.appcompat.widget.AppCompatToggleButton: android.content.res.ColorStateList getSupportCompoundDrawablesTintList()
androidx.appcompat.widget.ContentFrameLayout: ContentFrameLayout(android.content.Context,android.util.AttributeSet)
com.google.android.material.textfield.TextInputLayout: void setPrefixTextColor(android.content.res.ColorStateList)
com.google.android.material.button.MaterialButton: void setBackgroundTintMode(android.graphics.PorterDuff$Mode)
androidx.recyclerview.widget.RecyclerView: void setViewCacheExtension(androidx.recyclerview.widget.RecyclerView$ViewCacheExtension)
com.google.android.material.chip.Chip: void setCloseIconEnabled(boolean)
androidx.appcompat.widget.AppCompatTextView: void setTextFuture(java.util.concurrent.Future)
androidx.core.view.WindowInsetsCompat$BuilderImpl29: androidx.core.view.WindowInsetsCompat build()
com.google.android.material.chip.Chip: void setCheckable(boolean)
androidx.core.graphics.drawable.DrawableCompat$Api21Impl: void setHotspotBounds(android.graphics.drawable.Drawable,int,int,int,int)
com.google.android.material.button.MaterialButton: void setCornerRadiusResource(int)
com.google.android.material.floatingactionbutton.ExtendedFloatingActionButton: int getCollapsedPadding()
androidx.appcompat.widget.AppCompatTextView: android.graphics.PorterDuff$Mode getSupportCompoundDrawablesTintMode()
com.google.android.material.chip.ChipGroup: void setShowDividerHorizontal(int)
androidx.appcompat.widget.AppCompatSpinner$Api16Impl: void removeOnGlobalLayoutListener(android.view.ViewTreeObserver,android.view.ViewTreeObserver$OnGlobalLayoutListener)
androidx.appcompat.widget.AppCompatImageButton: void setBackgroundResource(int)
com.google.android.gms.internal.ads.zzcoj: android.os.Bundle getInterstitialAdapterInfo()
androidx.appcompat.widget.AppCompatTextView: void setBackgroundResource(int)
androidx.core.view.ViewParentCompat$Api21Impl: void onNestedPreScroll(android.view.ViewParent,android.view.View,int,int,int[])
androidx.datastore.preferences.protobuf.Writer$FieldOrder: androidx.datastore.preferences.protobuf.Writer$FieldOrder[] values()
androidx.core.graphics.drawable.IconCompat$Api28Impl: int getResId(java.lang.Object)
com.google.android.material.floatingactionbutton.ExtendedFloatingActionButton$ExtendedFloatingActionButtonBehavior: ExtendedFloatingActionButton$ExtendedFloatingActionButtonBehavior(android.content.Context,android.util.AttributeSet)
androidx.cardview.widget.CardView: float getMaxCardElevation()
com.google.android.material.button.MaterialButton: void setShapeAppearanceModel(com.google.android.material.shape.ShapeAppearanceModel)