app/build/outputs/mapping/debug/mapping.txt
# compiler: R8
# compiler_version: 3.2.74
# min_api: 24
# common_typos_disable
# {"id":"com.android.tools.r8.mapping","version":"2.0"}
# pg_map_id: ef0699c
# pg_map_hash: SHA-256 ef0699cf7c9569dcdb22d665958627a6ac2e0eb87a9ec2c8c7f27e33a426e9cd
com.shash.earphonemodeoff.BuildConfig -> com.shash.earphonemodeoff.BuildConfig:
    7:7:void <clinit>() -> <clinit>
com.shash.earphonemodeoff.databinding.ActivityEarphoneOnOffBinding -> com.shash.earphonemodeoff.databinding.ActivityEarphoneOnOffBinding:
    109:135:void <init>(android.widget.RelativeLayout,android.widget.LinearLayout,android.widget.LinearLayout,com.google.android.material.button.MaterialButton,com.google.android.material.button.MaterialButton,android.view.View,android.view.View,android.view.View,androidx.appcompat.widget.SwitchCompat,android.widget.ImageView,androidx.cardview.widget.CardView,android.widget.ImageView,com.google.android.material.button.MaterialButton,android.widget.ScrollView,android.widget.ImageView,android.view.View,android.view.View,android.view.View,androidx.appcompat.widget.SwitchCompat,com.google.android.material.button.MaterialButton,android.widget.TextView,android.widget.TextView,android.widget.TextView,android.widget.TextView,android.widget.TextView) -> <init>
    164:315:com.shash.earphonemodeoff.databinding.ActivityEarphoneOnOffBinding bind(android.view.View) -> bind
    140:140:android.widget.RelativeLayout getRoot() -> getRoot
    151:155:com.shash.earphonemodeoff.databinding.ActivityEarphoneOnOffBinding inflate(android.view.LayoutInflater,android.view.ViewGroup,boolean) -> inflate
com.shash.earphonemodeoff.databinding.ActivityMainBinding -> com.shash.earphonemodeoff.databinding.ActivityMainBinding:
    32:37:void <init>(androidx.drawerlayout.widget.DrawerLayout,com.shash.earphonemodeoff.databinding.AppBarMainBinding,androidx.drawerlayout.widget.DrawerLayout,com.google.android.material.navigation.NavigationView) -> <init>
    66:85:com.shash.earphonemodeoff.databinding.ActivityMainBinding bind(android.view.View) -> bind
    42:42:androidx.drawerlayout.widget.DrawerLayout getRoot() -> getRoot
    53:57:com.shash.earphonemodeoff.databinding.ActivityMainBinding inflate(android.view.LayoutInflater,android.view.ViewGroup,boolean) -> inflate
com.shash.earphonemodeoff.databinding.ActivityTestBinding -> com.shash.earphonemodeoff.databinding.ActivityTestBinding:
    29:33:void <init>(androidx.constraintlayout.widget.ConstraintLayout,android.widget.Button,android.widget.Button) -> <init>
    62:77:com.shash.earphonemodeoff.databinding.ActivityTestBinding bind(android.view.View) -> bind
    38:38:androidx.constraintlayout.widget.ConstraintLayout getRoot() -> getRoot
    49:53:com.shash.earphonemodeoff.databinding.ActivityTestBinding inflate(android.view.LayoutInflater,android.view.ViewGroup,boolean) -> inflate
com.shash.earphonemodeoff.databinding.ActivityWelcomeBinding -> com.shash.earphonemodeoff.databinding.ActivityWelcomeBinding:
    30:34:void <init>(androidx.constraintlayout.widget.ConstraintLayout,android.widget.ImageView,android.widget.TextView) -> <init>
    63:78:com.shash.earphonemodeoff.databinding.ActivityWelcomeBinding bind(android.view.View) -> bind
    39:39:androidx.constraintlayout.widget.ConstraintLayout getRoot() -> getRoot
    50:54:com.shash.earphonemodeoff.databinding.ActivityWelcomeBinding inflate(android.view.LayoutInflater,android.view.ViewGroup,boolean) -> inflate
com.shash.earphonemodeoff.databinding.AppBarMainBinding -> com.shash.earphonemodeoff.databinding.AppBarMainBinding:
    33:38:void <init>(androidx.coordinatorlayout.widget.CoordinatorLayout,com.google.android.material.appbar.AppBarLayout,com.shash.earphonemodeoff.databinding.ContentMainBinding,androidx.appcompat.widget.Toolbar) -> <init>
    67:90:com.shash.earphonemodeoff.databinding.AppBarMainBinding bind(android.view.View) -> bind
...
com.google.android.gms.internal.ads.zzaee -> com.google.android.gms.internal.ads.zzaee:
# {"id":"sourceFile","fileName":"com.google.android.gms:play-services-ads@@21.2.0"}
    1:1:void zzd(com.google.android.gms.internal.ads.zzaee) -> zzd
    1:92:void zze(com.google.android.gms.internal.ads.zzzi,int) -> zze
    1:12:android.util.Pair zzf(com.google.android.gms.internal.ads.zzed) -> zzf
    1:18:java.util.List zzg(byte[]) -> zzg
    1:5:boolean zzh(com.google.android.gms.internal.ads.zzed) -> zzh
    1:1:byte[] zzi(java.lang.String) -> zzi
com.google.android.gms.internal.ads.zzaef -> com.google.android.gms.internal.ads.zzaef:
# {"id":"sourceFile","fileName":"com.google.android.gms:play-services-ads@@21.2.0"}
    1:9:void <clinit>() -> <clinit>
    2:15:void <init>(int) -> <init>
    1:5:int zza(com.google.android.gms.internal.ads.zzzg,com.google.android.gms.internal.ads.zzaaf) -> zza
    1:6:void zzc(long,long) -> zzc
    1:1:boolean zzd(com.google.android.gms.internal.ads.zzzg) -> zzd
    1:75:void zzg(int,int,com.google.android.gms.internal.ads.zzzg) -> zzg
    1:51:void zzh(int) -> zzh
    1:28:void zzi(int,double) -> zzi
    1:67:void zzj(int,long) -> zzj
    1:7:void zzk(int,long,long) -> zzk
    1:8:void zzl(int,java.lang.String) -> zzl
    1:72:int zzp(com.google.android.gms.internal.ads.zzzg,com.google.android.gms.internal.ads.zzaee,int,boolean) -> zzp
    1:4:int zzq(com.google.android.gms.internal.ads.zzzg,com.google.android.gms.internal.ads.zzaam,int) -> zzq
    1:2:long zzr(long) -> zzr
    1:1:void zzs(int) -> zzs
    1:1:void zzt(int) -> zzt
    1:24:void zzu(com.google.android.gms.internal.ads.zzaee,long,int,int,int) -> zzu
    1:6:void zzv(com.google.android.gms.internal.ads.zzzg,int) -> zzv
    1:1:void zzw() -> zzw
    1:9:void zzx(com.google.android.gms.internal.ads.zzzg,byte[],int) -> zzx
    1:3:byte[] zzy(long,java.lang.String,long) -> zzy
    1:1:int[] zzz(int[],int) -> zzz
com.google.android.gms.internal.ads.zzaeg -> com.google.android.gms.internal.ads.zzaeg:
# {"id":"sourceFile","fileName":"com.google.android.gms:play-services-ads@@21.2.0"}
    1:1:void <init>() -> <init>
    0:8:boolean zza(com.google.android.gms.internal.ads.zzzg) -> zza
    1:4:long zzb(com.google.android.gms.internal.ads.zzzg) -> zzb
com.google.android.gms.internal.ads.zzaeh -> com.google.android.gms.internal.ads.zzaeh:
# {"id":"sourceFile","fileName":"com.google.android.gms:play-services-ads@@21.2.0"}
    1:1:int zzb(int) -> zzb
    1:2:long zzc(byte[],int,boolean) -> zzc
    1:5:long zzd(com.google.android.gms.internal.ads.zzzg,boolean,boolean,int) -> zzd
com.google.android.gms.internal.ads.zzaei -> com.google.android.gms.internal.ads.zzaei:
# {"id":"sourceFile","fileName":"com.google.android.gms:play-services-ads@@21.2.0"}
    1:1:void <init>(long,long,com.google.android.gms.internal.ads.zzzy,boolean) -> <init>
    1:1:long zzc(long) -> zzc
com.google.android.gms.internal.ads.zzaej -> com.google.android.gms.internal.ads.zzaej:
# {"id":"sourceFile","fileName":"com.google.android.gms:play-services-ads@@21.2.0"}
com.google.android.gms.internal.ads.zzaek -> com.google.android.gms.internal.ads.zzaek:
# {"id":"sourceFile","fileName":"com.google.android.gms:play-services-ads@@21.2.0"}
    1:1:void <init>(long[],long[],long) -> <init>
    1:10:com.google.android.gms.internal.ads.zzaek zza(long,com.google.android.gms.internal.ads.zzade,long) -> zza
    1:2:long zzc(long) -> zzc
    1:8:android.util.Pair zzd(long,long[],long[]) -> zzd
    1:5:com.google.android.gms.internal.ads.zzaag zzg(long) -> zzg
com.google.android.gms.internal.ads.zzael -> com.google.android.gms.internal.ads.zzael:
# {"id":"sourceFile","fileName":"com.google.android.gms:play-services-ads@@21.2.0"}
    1:1:com.google.android.gms.internal.ads.zzzf[] zza() -> zza
com.google.android.gms.internal.ads.zzaem -> com.google.android.gms.internal.ads.zzaem:
# {"id":"sourceFile","fileName":"com.google.android.gms:play-services-ads@@21.2.0"}