app/build/outputs/mapping/debug/usage.txt
com.shash.earphonemodeoff.BuildConfig:
    public static final java.lang.String APPLICATION_ID
    public static final java.lang.String BUILD_TYPE
    public static final int VERSION_CODE
    public static final java.lang.String VERSION_NAME
    public void <init>()
com.shash.earphonemodeoff.R$anim
com.shash.earphonemodeoff.R$color
com.shash.earphonemodeoff.R$drawable
com.shash.earphonemodeoff.R$id
com.shash.earphonemodeoff.R$layout
com.shash.earphonemodeoff.R$menu
com.shash.earphonemodeoff.R$mipmap
com.shash.earphonemodeoff.R$string
com.shash.earphonemodeoff.R$style
com.shash.earphonemodeoff.R$xml
com.shash.earphonemodeoff.R
com.shash.earphonemodeoff.databinding.ActivityEarphoneOnOffBinding:
    public synthetic bridge android.view.View getRoot()
    public static com.shash.earphonemodeoff.databinding.ActivityEarphoneOnOffBinding inflate(android.view.LayoutInflater)
com.shash.earphonemodeoff.databinding.ActivityMainBinding:
    public synthetic bridge android.view.View getRoot()
    public static com.shash.earphonemodeoff.databinding.ActivityMainBinding inflate(android.view.LayoutInflater)
com.shash.earphonemodeoff.databinding.ActivityTestBinding:
    public synthetic bridge android.view.View getRoot()
    public static com.shash.earphonemodeoff.databinding.ActivityTestBinding inflate(android.view.LayoutInflater)
com.shash.earphonemodeoff.databinding.ActivityWelcomeBinding:
    public synthetic bridge android.view.View getRoot()
    public static com.shash.earphonemodeoff.databinding.ActivityWelcomeBinding inflate(android.view.LayoutInflater)
com.shash.earphonemodeoff.databinding.AppBarMainBinding:
    public synthetic bridge android.view.View getRoot()
    public androidx.coordinatorlayout.widget.CoordinatorLayout getRoot()
    public static com.shash.earphonemodeoff.databinding.AppBarMainBinding inflate(android.view.LayoutInflater)
    public static com.shash.earphonemodeoff.databinding.AppBarMainBinding inflate(android.view.LayoutInflater,android.view.ViewGroup,boolean)
com.shash.earphonemodeoff.databinding.ContentMainBinding:
    public synthetic bridge android.view.View getRoot()
    public androidx.constraintlayout.widget.ConstraintLayout getRoot()
    public static com.shash.earphonemodeoff.databinding.ContentMainBinding inflate(android.view.LayoutInflater)
    public static com.shash.earphonemodeoff.databinding.ContentMainBinding inflate(android.view.LayoutInflater,android.view.ViewGroup,boolean)
com.shash.earphonemodeoff.databinding.NavHeaderMainBinding
com.shash.earphonemodeoff.databinding.PopupBinding
com.shash.earphonemodeoff.databinding.ProgressDialogBinding
com.shash.earphonemodeoff.databinding.RatingDialogLayoutBinding
com.shash.earphonemodeoff.pref.MyPreferences$hasRated$$inlined$map$1$2$1:
    java.lang.Object L$0
com.shash.earphonemodeoff.utils.ConstantsKt
com.shash.earphonemodeoff.utils.ConsumableLiveData
com.shash.earphonemodeoff.utils.InputTextWatcher
com.shash.earphonemodeoff.utils.InternetUtils:
    private static final int NETWORK_STATUS_MOBILE
    private static final int NETWORK_STATUS_NOT_CONNECTED
    private static final int NETWORK_STATUS_WIFI
    private static final int TYPE_MOBILE
    private static final int TYPE_NOT_CONNECTED
    private static final int TYPE_WIFI
com.shash.earphonemodeoff.utils.UtilsKt
com.shash.earphonemodeoff.utils.extensions.ActivityExtensionsKt:
    public static final void disableInteraction(android.app.Activity,boolean)
    public static final kotlin.Pair getRealScreenSize(android.app.Activity)
    public static final void hideKeyboard(android.app.Activity)
    private static final void openSettings(android.app.Activity)
...
kotlin.sequences.SequencesKt___SequencesJvmKt$filterIsInstance$1
kotlin.sequences.SequencesKt___SequencesJvmKt:
    public void <init>()
    public static final kotlin.sequences.Sequence filterIsInstance(kotlin.sequences.Sequence,java.lang.Class)
    public static final java.util.Collection filterIsInstanceTo(kotlin.sequences.Sequence,java.util.Collection,java.lang.Class)
    public static final synthetic java.lang.Comparable max(kotlin.sequences.Sequence)
    public static final synthetic java.lang.Double max(kotlin.sequences.Sequence)
    public static final synthetic java.lang.Float max(kotlin.sequences.Sequence)
    public static final synthetic java.lang.Object maxBy(kotlin.sequences.Sequence,kotlin.jvm.functions.Function1)
    public static final synthetic java.lang.Object maxWith(kotlin.sequences.Sequence,java.util.Comparator)
    public static final synthetic java.lang.Comparable min(kotlin.sequences.Sequence)
    public static final synthetic java.lang.Double min(kotlin.sequences.Sequence)
    public static final synthetic java.lang.Float min(kotlin.sequences.Sequence)
    public static final synthetic java.lang.Object minBy(kotlin.sequences.Sequence,kotlin.jvm.functions.Function1)
    public static final synthetic java.lang.Object minWith(kotlin.sequences.Sequence,java.util.Comparator)
    private static final java.math.BigDecimal sumOfBigDecimal(kotlin.sequences.Sequence,kotlin.jvm.functions.Function1)
    private static final java.math.BigInteger sumOfBigInteger(kotlin.sequences.Sequence,kotlin.jvm.functions.Function1)
kotlin.sequences.SequencesKt___SequencesKt$asIterable$$inlined$Iterable$1
kotlin.sequences.SequencesKt___SequencesKt$distinct$1
kotlin.sequences.SequencesKt___SequencesKt$elementAt$1
kotlin.sequences.SequencesKt___SequencesKt$filterIndexed$1
kotlin.sequences.SequencesKt___SequencesKt$filterIndexed$2
kotlin.sequences.SequencesKt___SequencesKt$filterIsInstance$1
kotlin.sequences.SequencesKt___SequencesKt$filterNotNull$1
kotlin.sequences.SequencesKt___SequencesKt$flatMap$1
kotlin.sequences.SequencesKt___SequencesKt$flatMap$2
kotlin.sequences.SequencesKt___SequencesKt$flatMapIndexed$1
kotlin.sequences.SequencesKt___SequencesKt$flatMapIndexed$2
kotlin.sequences.SequencesKt___SequencesKt$groupingBy$1
kotlin.sequences.SequencesKt___SequencesKt$minus$1$iterator$1
kotlin.sequences.SequencesKt___SequencesKt$minus$1
kotlin.sequences.SequencesKt___SequencesKt$minus$2$iterator$1
kotlin.sequences.SequencesKt___SequencesKt$minus$2
kotlin.sequences.SequencesKt___SequencesKt$minus$3$iterator$1
kotlin.sequences.SequencesKt___SequencesKt$minus$3
kotlin.sequences.SequencesKt___SequencesKt$minus$4$iterator$1
kotlin.sequences.SequencesKt___SequencesKt$minus$4
kotlin.sequences.SequencesKt___SequencesKt$onEach$1
kotlin.sequences.SequencesKt___SequencesKt$onEachIndexed$1
kotlin.sequences.SequencesKt___SequencesKt$requireNoNulls$1
kotlin.sequences.SequencesKt___SequencesKt$runningFold$1
kotlin.sequences.SequencesKt___SequencesKt$runningFoldIndexed$1
kotlin.sequences.SequencesKt___SequencesKt$runningReduce$1
kotlin.sequences.SequencesKt___SequencesKt$runningReduceIndexed$1
kotlin.sequences.SequencesKt___SequencesKt$sorted$1
kotlin.sequences.SequencesKt___SequencesKt$sortedWith$1
kotlin.sequences.SequencesKt___SequencesKt$zip$1
kotlin.sequences.SequencesKt___SequencesKt$zipWithNext$1
kotlin.sequences.SequencesKt___SequencesKt$zipWithNext$2